[debug] [2018-06-18T04:28:04.736Z] ----------------------------------------------------------------------
[debug] [2018-06-18T04:28:04.739Z] Command:       /usr/local/bin/node /usr/local/bin/firebase deploy
[debug] [2018-06-18T04:28:04.739Z] CLI Version:   3.18.5
[debug] [2018-06-18T04:28:04.739Z] Platform:      darwin
[debug] [2018-06-18T04:28:04.739Z] Node Version:  v8.9.4
[debug] [2018-06-18T04:28:04.740Z] Time:          Mon Jun 18 2018 00:28:04 GMT-0400 (EDT)
[debug] [2018-06-18T04:28:04.740Z] ----------------------------------------------------------------------
[debug] 
[debug] [2018-06-18T04:28:04.755Z] > command requires scopes: ["email","openid","https://www.googleapis.com/auth/cloudplatformprojects.readonly","https://www.googleapis.com/auth/firebase","https://www.googleapis.com/auth/cloud-platform"]
[debug] [2018-06-18T04:28:04.755Z] > authorizing via signed-in user
[debug] [2018-06-18T04:28:04.758Z] > refreshing access token with scopes: ["email","https://www.googleapis.com/auth/cloud-platform","https://www.googleapis.com/auth/cloudplatformprojects.readonly","https://www.googleapis.com/auth/firebase","openid"]
[debug] [2018-06-18T04:28:04.758Z] >>> HTTP REQUEST POST https://www.googleapis.com/oauth2/v3/token  
 { refresh_token: '1/xpGezcGAFdtcGWcWubdnGQ74F3eSWv8llrFnrX1aPQ72Pk9ewbbpHjZntOJxBY8x',
  client_id: '563584335869-fgrhgmd47bqnekij5i8b5pr03ho849e6.apps.googleusercontent.com',
  client_secret: 'j9iVZfS8kkCEFUPaAeJV0sAi',
  grant_type: 'refresh_token',
  scope: 'email https://www.googleapis.com/auth/cloud-platform https://www.googleapis.com/auth/cloudplatformprojects.readonly https://www.googleapis.com/auth/firebase openid' } 
 Mon Jun 18 2018 00:28:04 GMT-0400 (EDT)
[debug] [2018-06-18T04:28:04.962Z] <<< HTTP RESPONSE 200
[debug] [2018-06-18T04:28:04.978Z] >>> HTTP REQUEST GET https://admin.firebase.com/v1/projects/tekdahalministries  
  
 Mon Jun 18 2018 00:28:04 GMT-0400 (EDT)
[debug] [2018-06-18T04:28:05.483Z] <<< HTTP RESPONSE 200
[debug] [2018-06-18T04:28:05.484Z] >>> HTTP REQUEST GET https://admin.firebase.com/v1/database/tekdahalministries/tokens  
  
 Mon Jun 18 2018 00:28:05 GMT-0400 (EDT)
[debug] [2018-06-18T04:28:05.877Z] <<< HTTP RESPONSE 200
[info] 
[info] === Deploying to 'tekdahalministries'...
[info] 
[info] i  deploying hosting
[info] i  hosting: preparing public directory for upload...
[debug] [2018-06-18T04:28:06.946Z] >>> HTTP REQUEST PUT https://deploy.firebase.com/v1/hosting/tekdahalministries/uploads/-LFG8aIEuGE8RDLAgN6c?fileCount=11&message=  
  
 Mon Jun 18 2018 00:28:06 GMT-0400 (EDT)
